outputs/logs/manifest-merger-debug-report.txt
-- Merging decision tree log ---
manifest
ADDED from src\main\AndroidManifest.xml:2:1-48:12
INJECTED from src\main\AndroidManifest.xml:2:1-48:12
INJECTED from src\main\AndroidManifest.xml:2:1-48:12
INJECTED from src\main\AndroidManifest.xml:2:1-48:12
MERGED from [com.android.support.constraint:constraint-layout:1.0.2] AndroidManifest.xml:2:1-11:12
MERGED from [com.android.support:support-v4:27.0.2] AndroidManifest.xml:17:1-22:12
MERGED from [com.android.support:support-media-compat:27.0.2] AndroidManifest.xml:17:1-22:12
MERGED from [com.android.support:support-fragment:27.0.2] AndroidManifest.xml:17:1-22:12
MERGED from [com.android.support:support-core-utils:27.0.2] AndroidManifest.xml:17:1-22:12
MERGED from [com.android.support:support-core-ui:27.0.2] AndroidManifest.xml:17:1-22:12
MERGED from [com.android.support:support-compat:27.0.2] AndroidManifest.xml:17:1-22:12
MERGED from [android.arch.lifecycle:runtime:1.0.3] AndroidManifest.xml:17:1-24:12
INJECTED from src\main\AndroidManifest.xml:2:1-48:12
INJECTED from src\main\AndroidManifest.xml:2:1-48:12
INJECTED from src\main\AndroidManifest.xml:2:1-48:12
	package
		ADDED from src\main\AndroidManifest.xml:4:5-42
		INJECTED from src\main\AndroidManifest.xml
		INJECTED from src\main\AndroidManifest.xml
	android:versionName
		INJECTED from src\main\AndroidManifest.xml
		ADDED from src\main\AndroidManifest.xml:2:1-48:12
		INJECTED from src\main\AndroidManifest.xml
	xmlns:tools
		ADDED from src\main\AndroidManifest.xml:3:5-51
	android:versionCode
		INJECTED from src\main\AndroidManifest.xml
		ADDED from src\main\AndroidManifest.xml:2:1-48:12
		INJECTED from src\main\AndroidManifest.xml
	xmlns:android
		ADDED from src\main\AndroidManifest.xml:2:11-69
uses-sdk
ADDED from src\main\AndroidManifest.xml:5:5-6:42
INJECTED from src\main\AndroidManifest.xml:5:5-6:42
INJECTED from src\main\AndroidManifest.xml:5:5-6:42
MERGED from [com.android.support.constraint:constraint-layout:1.0.2] AndroidManifest.xml:5:5-7:41
MERGED from [com.android.support.constraint:constraint-layout:1.0.2] AndroidManifest.xml:5:5-7:41
MERGED from [com.android.support:support-v4:27.0.2] AndroidManifest.xml:20:5-44
MERGED from [com.android.support:support-v4:27.0.2] AndroidManifest.xml:20:5-44
MERGED from [com.android.support:support-media-compat:27.0.2] AndroidManifest.xml:20:5-44
MERGED from [com.android.support:support-media-compat:27.0.2] AndroidManifest.xml:20:5-44
MERGED from [com.android.support:support-fragment:27.0.2] AndroidManifest.xml:20:5-44
MERGED from [com.android.support:support-fragment:27.0.2] AndroidManifest.xml:20:5-44
MERGED from [com.android.support:support-core-utils:27.0.2] AndroidManifest.xml:20:5-44
MERGED from [com.android.support:support-core-utils:27.0.2] AndroidManifest.xml:20:5-44
MERGED from [com.android.support:support-core-ui:27.0.2] AndroidManifest.xml:20:5-44
MERGED from [com.android.support:support-core-ui:27.0.2] AndroidManifest.xml:20:5-44
MERGED from [com.android.support:support-compat:27.0.2] AndroidManifest.xml:20:5-44
MERGED from [com.android.support:support-compat:27.0.2] AndroidManifest.xml:20:5-44
MERGED from [android.arch.lifecycle:runtime:1.0.3] AndroidManifest.xml:20:5-22:41
MERGED from [android.arch.lifecycle:runtime:1.0.3] AndroidManifest.xml:20:5-22:41
INJECTED from src\main\AndroidManifest.xml:5:5-6:42
INJECTED from src\main\AndroidManifest.xml:5:5-6:42
	android:targetSdkVersion
		ADDED from src\main\AndroidManifest.xml:5:15-44
		INJECTED from src\main\AndroidManifest.xml
		INJECTED from src\main\AndroidManifest.xml
	tools:ignore
		ADDED from src\main\AndroidManifest.xml:6:9-39
	android:minSdkVersion
		ADDED from src\main\AndroidManifest.xml:5:45-70
		INJECTED from src\main\AndroidManifest.xml
		INJECTED from src\main\AndroidManifest.xml
application
ADDED from src\main\AndroidManifest.xml:8:5-46:19
MERGED from [com.android.support.constraint:constraint-layout:1.0.2] AndroidManifest.xml:9:5-20
MERGED from [com.android.support.constraint:constraint-layout:1.0.2] AndroidManifest.xml:9:5-20
	android:label
		ADDED from src\main\AndroidManifest.xml:8:50-76
	android:fullBackupContent
		ADDED from src\main\AndroidManifest.xml:10:9-42
	tools:ignore
		ADDED from src\main\AndroidManifest.xml:9:9-60
	android:icon
		ADDED from src\main\AndroidManifest.xml:8:77-105
	android:allowBackup
		ADDED from src\main\AndroidManifest.xml:8:106-132
	android:theme
		ADDED from src\main\AndroidManifest.xml:8:18-49
activity#com.example.user.ayyathunai.MainActivity
ADDED from src\main\AndroidManifest.xml:13:5-24:12
	android:name
		ADDED from src\main\AndroidManifest.xml:13:15-70
intent-filter#android.intent.action.MAIN+android.intent.category.LAUNCHER
ADDED from src\main\AndroidManifest.xml:16:5-22:17
action#android.intent.action.MAIN
ADDED from src\main\AndroidManifest.xml:18:5-56
	android:name
		ADDED from src\main\AndroidManifest.xml:18:13-54
category#android.intent.category.LAUNCHER
ADDED from src\main\AndroidManifest.xml:20:5-64
	android:name
		ADDED from src\main\AndroidManifest.xml:20:15-62
activity#com.example.user.ayyathunai.student
ADDED from src\main\AndroidManifest.xml:26:5-51
	android:name
		ADDED from src\main\AndroidManifest.xml:26:15-38
activity#com.example.user.ayyathunai.staff
ADDED from src\main\AndroidManifest.xml:28:5-38
	android:name
		ADDED from src\main\AndroidManifest.xml:28:15-36
activity#com.example.user.ayyathunai.aiht
ADDED from src\main\AndroidManifest.xml:30:5-37
	android:name
		ADDED from src\main\AndroidManifest.xml:30:15-35
activity#com.example.user.ayyathunai.staff1
ADDED from src\main\AndroidManifest.xml:32:5-39
	android:name
		ADDED from src\main\AndroidManifest.xml:32:15-37
activity#com.example.user.ayyathunai.stud0
ADDED from src\main\AndroidManifest.xml:34:5-38
	android:name
		ADDED from src\main\AndroidManifest.xml:34:15-36
activity#com.example.user.ayyathunai.aiht0
ADDED from src\main\AndroidManifest.xml:36:5-38
	android:name
		ADDED from src\main\AndroidManifest.xml:36:15-36
activity#com.example.user.ayyathunai.aiht1
ADDED from src\main\AndroidManifest.xml:38:5-38
	android:name
		ADDED from src\main\AndroidManifest.xml:38:15-36
activity#com.example.user.ayyathunai.aiht2
ADDED from src\main\AndroidManifest.xml:40:5-38
	android:name
		ADDED from src\main\AndroidManifest.xml:40:15-36
activity#com.example.user.ayyathunai.rate
ADDED from src\main\AndroidManifest.xml:41:9-41
	android:name
		ADDED from src\main\AndroidManifest.xml:41:19-39